
Gurobi 6.5.2 (win64) logging started 10/24/16 07:44:26

Optimize a model with 76 rows, 59 columns and 189 nonzeros
Coefficient statistics:
  Matrix range    [1e+00, 1e+00]
  Objective range [3e+01, 2e+03]
  Bounds range    [1e+00, 1e+00]
  RHS range       [0e+00, 0e+00]
Found heuristic solution: objective 0
Variable types: 0 continuous, 59 integer (59 binary)

Root relaxation: objective -3.327463e+03, 26 iterations, 0.00 seconds

    Nodes    |    Current Node    |     Objective Bounds      |     Work
 Expl Unexpl |  Obj  Depth IntInf | Incumbent    BestBd   Gap | It/Node Time

*    0     0               0    -3327.462704 -3327.4627  0.00%     -    0s

Explored 0 nodes (26 simplex iterations) in 0.08 seconds
Thread count was 12 (of 12 available processors)

Optimal solution found (tolerance 1.00e-04)
Best objective -3.327462703511e+03, best bound -3.327462703511e+03, gap 0.0%
Obj: -3327.4627035106164
Gurobi 6.5.2 (win64) logging started 10/24/16 07:54:47

Optimize a model with 76 rows, 59 columns and 189 nonzeros
Coefficient statistics:
  Matrix range    [1e+00, 1e+00]
  Objective range [3e+01, 2e+03]
  Bounds range    [1e+00, 1e+00]
  RHS range       [0e+00, 0e+00]
Found heuristic solution: objective 0
Variable types: 0 continuous, 59 integer (59 binary)

Root relaxation: objective -3.327463e+03, 26 iterations, 0.00 seconds

    Nodes    |    Current Node    |     Objective Bounds      |     Work
 Expl Unexpl |  Obj  Depth IntInf | Incumbent    BestBd   Gap | It/Node Time

*    0     0               0    -3327.462704 -3327.4627  0.00%     -    0s

Explored 0 nodes (26 simplex iterations) in 0.01 seconds
Thread count was 12 (of 12 available processors)

Optimal solution found (tolerance 1.00e-04)
Best objective -3.327462703511e+03, best bound -3.327462703511e+03, gap 0.0%
Obj: -3327.4627035106164
Gurobi 6.5.2 (win64) logging started 10/24/16 07:55:36

Optimize a model with 76 rows, 59 columns and 189 nonzeros
Coefficient statistics:
  Matrix range    [1e+00, 1e+00]
  Objective range [3e+01, 2e+03]
  Bounds range    [1e+00, 1e+00]
  RHS range       [0e+00, 0e+00]
Found heuristic solution: objective 0
Variable types: 0 continuous, 59 integer (59 binary)

Root relaxation: objective -3.327463e+03, 26 iterations, 0.00 seconds

    Nodes    |    Current Node    |     Objective Bounds      |     Work
 Expl Unexpl |  Obj  Depth IntInf | Incumbent    BestBd   Gap | It/Node Time

*    0     0               0    -3327.462704 -3327.4627  0.00%     -    0s

Explored 0 nodes (26 simplex iterations) in 0.01 seconds
Thread count was 12 (of 12 available processors)

Optimal solution found (tolerance 1.00e-04)
Best objective -3.327462703511e+03, best bound -3.327462703511e+03, gap 0.0%
Obj: -3327.4627035106164
Gurobi 6.5.2 (win64) logging started 10/24/16 07:56:01

Optimize a model with 77 rows, 59 columns and 190 nonzeros
Coefficient statistics:
  Matrix range    [1e+00, 1e+00]
  Objective range [3e+01, 2e+03]
  Bounds range    [1e+00, 1e+00]
  RHS range       [0e+00, 0e+00]
Found heuristic solution: objective 0
Variable types: 0 continuous, 59 integer (59 binary)

Root relaxation: objective -3.257523e+03, 24 iterations, 0.00 seconds

    Nodes    |    Current Node    |     Objective Bounds      |     Work
 Expl Unexpl |  Obj  Depth IntInf | Incumbent    BestBd   Gap | It/Node Time

*    0     0               0    -3257.523282 -3257.5233  0.00%     -    0s

Explored 0 nodes (24 simplex iterations) in 0.02 seconds
Thread count was 12 (of 12 available processors)

Optimal solution found (tolerance 1.00e-04)
Best objective -3.257523282447e+03, best bound -3.257523282447e+03, gap 0.0%
Obj: -3257.523282446961
Gurobi 6.5.2 (win64) logging started 10/24/16 07:56:11

Optimize a model with 78 rows, 59 columns and 191 nonzeros
Coefficient statistics:
  Matrix range    [1e+00, 1e+00]
  Objective range [3e+01, 2e+03]
  Bounds range    [1e+00, 1e+00]
  RHS range       [0e+00, 0e+00]
Found heuristic solution: objective 0
Variable types: 0 continuous, 59 integer (59 binary)

Root relaxation: objective -3.214664e+03, 22 iterations, 0.00 seconds

    Nodes    |    Current Node    |     Objective Bounds      |     Work
 Expl Unexpl |  Obj  Depth IntInf | Incumbent    BestBd   Gap | It/Node Time

*    0     0               0    -3214.663756 -3214.6638  0.00%     -    0s

Explored 0 nodes (22 simplex iterations) in 0.01 seconds
Thread count was 12 (of 12 available processors)

Optimal solution found (tolerance 1.00e-04)
Best objective -3.214663755986e+03, best bound -3.214663755986e+03, gap 0.0%
Obj: -3214.663755986039
Gurobi 6.5.2 (win64) logging started 10/24/16 12:18:18

Optimize a model with 1487492 rows, 899134 columns and 6798040 nonzeros
Coefficient statistics:
  Matrix range    [1e+00, 1e+00]
  Objective range [1e+01, 4e+03]
  Bounds range    [1e+00, 1e+00]
  RHS range       [1e+00, 1e+00]
Found heuristic solution: objective 0
Variable types: 0 continuous, 899134 integer (899134 binary)

Root simplex log...

Iteration    Objective       Primal Inf.    Dual Inf.      Time
       0   -2.2124855e+07   2.056300e+05   0.000000e+00      6s
  115877   -1.3611698e+07   1.535150e+04   0.000000e+00     10s
  155372   -1.3580590e+07   2.340821e+03   0.000000e+00     19s
  158397   -1.3579170e+07   7.925722e+02   0.000000e+00     21s
  159832   -1.3578539e+07   0.000000e+00   0.000000e+00     23s

Root relaxation: objective -1.357854e+07, 159832 iterations, 19.08 seconds
Total elapsed time = 36.96s
Total elapsed time = 45.60s
Total elapsed time = 54.00s

    Nodes    |    Current Node    |     Objective Bounds      |     Work
 Expl Unexpl |  Obj  Depth IntInf | Incumbent    BestBd   Gap | It/Node Time

     0     0 -1.358e+07    0  945    0.00000 -1.358e+07      -     -   61s
H    0     0                    -1.34701e+07 -1.358e+07  0.81%     -   75s
H    0     0                    -1.34711e+07 -1.358e+07  0.80%     -   81s
H    0     0                    -1.35084e+07 -1.358e+07  0.52%     -   83s
     0     0 -1.358e+07    0  376 -1.351e+07 -1.358e+07  0.50%     -   90s
H    0     0                    -1.35271e+07 -1.358e+07  0.36%     -   96s
H    0     0                    -1.35429e+07 -1.358e+07  0.24%     -  101s
H    0     0                    -1.35631e+07 -1.358e+07  0.09%     -  102s
     0     0 -1.358e+07    0  197 -1.356e+07 -1.358e+07  0.09%     -  105s
     0     0 -1.357e+07    0  137 -1.356e+07 -1.357e+07  0.09%     -  114s
H    0     0                    -1.35659e+07 -1.357e+07  0.07%     -  118s
H    0     0                    -1.35720e+07 -1.357e+07  0.02%     -  122s
H    0     0                    -1.35729e+07 -1.357e+07  0.01%     -  125s
H    0     0                    -1.35741e+07 -1.357e+07  0.01%     -  127s

Cutting planes:
  Gomory: 62
  Implied bound: 2
  Clique: 29
  MIR: 1
  Zero half: 32

Explored 0 nodes (262476 simplex iterations) in 127.20 seconds
Thread count was 12 (of 12 available processors)

Optimal solution found (tolerance 1.00e-04)
Best objective -1.357412440307e+07, best bound -1.357487278275e+07, gap 0.0055%
Obj: -1.3574124403065478E7
Gurobi 6.5.2 (win64) logging started 10/24/16 12:26:17

Optimize a model with 1487492 rows, 899134 columns and 6798098 nonzeros
Coefficient statistics:
  Matrix range    [1e+00, 1e+00]
  Objective range [1e+01, 4e+03]
  Bounds range    [1e+00, 1e+00]
  RHS range       [1e+00, 1e+00]
Found heuristic solution: objective 0
Variable types: 0 continuous, 899134 integer (899134 binary)

Root simplex log...

Iteration    Objective       Primal Inf.    Dual Inf.      Time
       0   -2.2124855e+07   2.056300e+05   0.000000e+00      5s
  136805   -1.3596079e+07   9.965542e+03   0.000000e+00     12s
  155371   -1.3580878e+07   1.504356e+03   0.000000e+00     17s
  158830   -1.3578783e+07   9.972490e+02   0.000000e+00     20s
  159679   -1.3578539e+07   0.000000e+00   0.000000e+00     21s

Root relaxation: objective -1.357854e+07, 159679 iterations, 17.56 seconds
Total elapsed time = 35.10s
Total elapsed time = 44.38s
Total elapsed time = 53.84s
Total elapsed time = 62.17s

    Nodes    |    Current Node    |     Objective Bounds      |     Work
 Expl Unexpl |  Obj  Depth IntInf | Incumbent    BestBd   Gap | It/Node Time

     0     0 -1.358e+07    0  946    0.00000 -1.358e+07      -     -   69s
H    0     0                    -1.34545e+07 -1.358e+07  0.92%     -   81s
H    0     0                    -1.34991e+07 -1.358e+07  0.59%     -   86s
H    0     0                    -1.35191e+07 -1.358e+07  0.44%     -   88s
     0     0 -1.358e+07    0  353 -1.352e+07 -1.358e+07  0.42%     -   95s
H    0     0                    -1.35275e+07 -1.358e+07  0.36%     -  100s
H    0     0                    -1.35566e+07 -1.358e+07  0.14%     -  106s
H    0     0                    -1.35659e+07 -1.358e+07  0.07%     -  107s
     0     0 -1.358e+07    0  185 -1.357e+07 -1.358e+07  0.07%     -  110s
     0     0 -1.357e+07    0  163 -1.357e+07 -1.357e+07  0.07%     -  118s
H    0     0                    -1.35659e+07 -1.357e+07  0.07%     -  128s
H    0     0                    -1.35728e+07 -1.357e+07  0.01%     -  130s
     0     0 -1.357e+07    0  129 -1.357e+07 -1.357e+07  0.01%     -  133s
     0     0 -1.357e+07    0   69 -1.357e+07 -1.357e+07  0.01%     -  140s
H    0     0                    -1.35743e+07 -1.357e+07  0.00%     -  151s

Cutting planes:
  Gomory: 59
  Implied bound: 2
  Clique: 29
  Zero half: 40

Explored 0 nodes (287814 simplex iterations) in 151.31 seconds
Thread count was 12 (of 12 available processors)

Optimal solution found (tolerance 1.00e-04)
Best objective -1.357430890307e+07, best bound -1.357486240307e+07, gap 0.0041%
Obj: -1.3574308903065477E7
Gurobi 6.5.2 (win64) logging started 10/24/16 14:06:22

Optimize a model with 1487493 rows, 899134 columns and 6798099 nonzeros
Coefficient statistics:
  Matrix range    [1e+00, 1e+00]
  Objective range [1e+01, 4e+03]
  Bounds range    [1e+00, 1e+00]
  RHS range       [1e+00, 1e+00]
Found heuristic solution: objective 1160.74
Variable types: 0 continuous, 899134 integer (899134 binary)

Root simplex log...

Iteration    Objective       Primal Inf.    Dual Inf.      Time
       0   -2.2124581e+07   2.056270e+05   0.000000e+00      6s
  136804   -1.3595492e+07   8.597813e+03   0.000000e+00     13s
  154590   -1.3580526e+07   1.160352e+03   0.000000e+00     18s
  158149   -1.3578587e+07   4.286988e+02   0.000000e+00     21s
  158833   -1.3578309e+07   0.000000e+00   0.000000e+00     22s

Root relaxation: objective -1.357831e+07, 158833 iterations, 17.56 seconds
Total elapsed time = 34.49s
Total elapsed time = 42.57s
Total elapsed time = 50.61s

    Nodes    |    Current Node    |     Objective Bounds      |     Work
 Expl Unexpl |  Obj  Depth IntInf | Incumbent    BestBd   Gap | It/Node Time

     0     0 -1.358e+07    0  931 1160.74228 -1.358e+07      -     -   57s
H    0     0                    -1.34722e+07 -1.358e+07  0.79%     -   69s
H    0     0                    -1.35065e+07 -1.358e+07  0.53%     -   74s
H    0     0                    -1.35244e+07 -1.358e+07  0.40%     -   76s
     0     0 -1.358e+07    0  344 -1.352e+07 -1.358e+07  0.38%     -   84s
H    0     0                    -1.35418e+07 -1.358e+07  0.25%     -   89s
H    0     0                    -1.35498e+07 -1.358e+07  0.19%     -   94s
H    0     0                    -1.35616e+07 -1.358e+07  0.10%     -   96s
     0     0 -1.357e+07    0  154 -1.356e+07 -1.357e+07  0.10%     -  103s
H    0     0                    -1.35627e+07 -1.357e+07  0.09%     -  107s
H    0     0                    -1.35656e+07 -1.357e+07  0.07%     -  113s
H    0     0                    -1.35730e+07 -1.357e+07  0.01%     -  114s
     0     0 -1.357e+07    0  116 -1.357e+07 -1.357e+07  0.01%     -  117s
     0     0 -1.357e+07    0   73 -1.357e+07 -1.357e+07  0.01%     -  124s
H    0     0                    -1.35732e+07 -1.357e+07  0.01%     -  128s

Cutting planes:
  Gomory: 69
  Implied bound: 2
  Clique: 28
  MIR: 3
  Zero half: 33

Explored 0 nodes (261259 simplex iterations) in 128.61 seconds
Thread count was 12 (of 12 available processors)

Optimal solution found (tolerance 1.00e-04)
Best objective -1.357322325796e+07, best bound -1.357455337426e+07, gap 0.0098%
Obj: -1.3573223257961515E7
Gurobi 6.5.2 (win64) logging started 11/03/16 04:54:21

Optimize a model with 11218 rows, 8840 columns and 30375 nonzeros
Coefficient statistics:
  Matrix range    [1e+00, 1e+00]
  Objective range [3e+01, 3e+03]
  Bounds range    [1e+00, 1e+00]
  RHS range       [0e+00, 0e+00]
Found heuristic solution: objective 0
Variable types: 0 continuous, 8840 integer (8840 binary)

Root relaxation: objective -7.367352e+05, 2634 iterations, 0.02 seconds

    Nodes    |    Current Node    |     Objective Bounds      |     Work
 Expl Unexpl |  Obj  Depth IntInf | Incumbent    BestBd   Gap | It/Node Time

*    0     0               0    -736735.2163 -736735.22  0.00%     -    0s

Explored 0 nodes (2634 simplex iterations) in 0.07 seconds
Thread count was 12 (of 12 available processors)

Optimal solution found (tolerance 1.00e-04)
Best objective -7.367352163222e+05, best bound -7.367352163222e+05, gap 0.0%
Obj: -736735.2163221897
Gurobi 6.5.2 (win64) logging started 11/03/16 04:55:26

Optimize a model with 11142 rows, 8764 columns and 29995 nonzeros
Coefficient statistics:
  Matrix range    [1e+00, 1e+00]
  Objective range [3e+01, 3e+03]
  Bounds range    [1e+00, 1e+00]
  RHS range       [0e+00, 0e+00]
Found heuristic solution: objective 0
Variable types: 0 continuous, 8764 integer (8764 binary)

Root relaxation: objective -7.511005e+05, 2509 iterations, 0.02 seconds

    Nodes    |    Current Node    |     Objective Bounds      |     Work
 Expl Unexpl |  Obj  Depth IntInf | Incumbent    BestBd   Gap | It/Node Time

*    0     0               0    -751100.5284 -751100.53  0.00%     -    0s

Explored 0 nodes (2509 simplex iterations) in 0.07 seconds
Thread count was 12 (of 12 available processors)

Optimal solution found (tolerance 1.00e-04)
Best objective -7.511005283726e+05, best bound -7.511005283726e+05, gap 0.0000%
Obj: -751100.52837264
Gurobi 6.5.2 (win64) logging started 11/03/16 04:58:21

Optimize a model with 11142 rows, 8764 columns and 29995 nonzeros
Coefficient statistics:
  Matrix range    [1e+00, 1e+00]
  Objective range [3e+01, 3e+03]
  Bounds range    [1e+00, 1e+00]
  RHS range       [0e+00, 0e+00]
Found heuristic solution: objective 0
Variable types: 0 continuous, 8764 integer (8764 binary)

Root relaxation: objective -7.511005e+05, 2527 iterations, 0.02 seconds

    Nodes    |    Current Node    |     Objective Bounds      |     Work
 Expl Unexpl |  Obj  Depth IntInf | Incumbent    BestBd   Gap | It/Node Time

*    0     0               0    -751100.5284 -751100.53  0.00%     -    0s

Explored 0 nodes (2527 simplex iterations) in 0.06 seconds
Thread count was 12 (of 12 available processors)

Optimal solution found (tolerance 1.00e-04)
Best objective -7.511005283726e+05, best bound -7.511005283726e+05, gap 0.0000%
Obj: -751100.52837264
Gurobi 6.5.2 (win64) logging started 11/03/16 07:26:14

Optimize a model with 11218 rows, 8840 columns and 30363 nonzeros
Coefficient statistics:
  Matrix range    [1e+00, 1e+00]
  Objective range [3e+01, 3e+03]
  Bounds range    [1e+00, 1e+00]
  RHS range       [0e+00, 0e+00]
Found heuristic solution: objective 0
Variable types: 0 continuous, 8840 integer (8840 binary)

Root relaxation: objective -7.367352e+05, 2609 iterations, 0.02 seconds

    Nodes    |    Current Node    |     Objective Bounds      |     Work
 Expl Unexpl |  Obj  Depth IntInf | Incumbent    BestBd   Gap | It/Node Time

*    0     0               0    -736735.2163 -736735.22  0.00%     -    0s

Explored 0 nodes (2609 simplex iterations) in 0.06 seconds
Thread count was 12 (of 12 available processors)

Optimal solution found (tolerance 1.00e-04)
Best objective -7.367352163222e+05, best bound -7.367352163222e+05, gap 0.0%
Obj: -736735.2163221898
Gurobi 6.5.2 (win64) logging started 11/03/16 07:29:44

Optimize a model with 11142 rows, 8764 columns and 29995 nonzeros
Coefficient statistics:
  Matrix range    [1e+00, 1e+00]
  Objective range [3e+01, 3e+03]
  Bounds range    [1e+00, 1e+00]
  RHS range       [0e+00, 0e+00]
Found heuristic solution: objective 0
Variable types: 0 continuous, 8764 integer (8764 binary)

Root relaxation: objective -7.511005e+05, 2514 iterations, 0.02 seconds

    Nodes    |    Current Node    |     Objective Bounds      |     Work
 Expl Unexpl |  Obj  Depth IntInf | Incumbent    BestBd   Gap | It/Node Time

*    0     0               0    -751100.5284 -751100.53  0.00%     -    0s

Explored 0 nodes (2514 simplex iterations) in 0.06 seconds
Thread count was 12 (of 12 available processors)

Optimal solution found (tolerance 1.00e-04)
Best objective -7.511005283726e+05, best bound -7.511005283726e+05, gap 0.0%
Obj: -751100.52837264
Gurobi 6.5.2 (win64) logging started 11/03/16 07:34:00

Optimize a model with 10776 rows, 8581 columns and 27982 nonzeros
Coefficient statistics:
  Matrix range    [1e+00, 1e+00]
  Objective range [3e+01, 3e+03]
  Bounds range    [1e+00, 1e+00]
  RHS range       [0e+00, 0e+00]
Found heuristic solution: objective 0
Variable types: 0 continuous, 8581 integer (8581 binary)

Root relaxation: objective -7.511255e+05, 2493 iterations, 0.02 seconds

    Nodes    |    Current Node    |     Objective Bounds      |     Work
 Expl Unexpl |  Obj  Depth IntInf | Incumbent    BestBd   Gap | It/Node Time

*    0     0               0    -751125.5277 -751125.53  0.00%     -    0s

Explored 0 nodes (2493 simplex iterations) in 0.06 seconds
Thread count was 12 (of 12 available processors)

Optimal solution found (tolerance 1.00e-04)
Best objective -7.511255277357e+05, best bound -7.511255277357e+05, gap 0.0%
Obj: -751125.5277356695
Gurobi 6.5.2 (win64) logging started 11/03/16 07:45:16

Optimize a model with 1487492 rows, 899134 columns and 6798064 nonzeros
Coefficient statistics:
  Matrix range    [1e+00, 1e+00]
  Objective range [1e+01, 4e+03]
  Bounds range    [1e+00, 1e+00]
  RHS range       [1e+00, 1e+00]
Found heuristic solution: objective 0
Variable types: 0 continuous, 899134 integer (899134 binary)

Root simplex log...

Iteration    Objective       Primal Inf.    Dual Inf.      Time
       0   -2.2124855e+07   2.056300e+05   0.000000e+00      5s
  136804   -1.3596980e+07   9.546928e+03   0.000000e+00     12s
  156429   -1.3580334e+07   1.399519e+03   0.000000e+00     18s
  159757   -1.3578360e+07   1.800000e+01   0.000000e+00     20s
  159802   -1.3578340e+07   0.000000e+00   0.000000e+00     21s

Root relaxation: objective -1.357834e+07, 159802 iterations, 17.68 seconds
Total elapsed time = 35.58s
Total elapsed time = 43.96s
Total elapsed time = 51.70s
Total elapsed time = 61.21s

    Nodes    |    Current Node    |     Objective Bounds      |     Work
 Expl Unexpl |  Obj  Depth IntInf | Incumbent    BestBd   Gap | It/Node Time

     0     0 -1.358e+07    0  950    0.00000 -1.358e+07      -     -   69s
H    0     0                    -1.34646e+07 -1.358e+07  0.84%     -   81s
H    0     0                    -1.34846e+07 -1.358e+07  0.70%     -   87s
H    0     0                    -1.35208e+07 -1.358e+07  0.43%     -   88s
     0     0 -1.358e+07    0  360 -1.352e+07 -1.358e+07  0.40%     -   95s
H    0     0                    -1.35446e+07 -1.358e+07  0.23%     -  101s
H    0     0                    -1.35692e+07 -1.358e+07  0.05%     -  108s
     0     0 -1.357e+07    0  120 -1.357e+07 -1.357e+07  0.04%     -  115s
H    0     0                    -1.35730e+07 -1.357e+07  0.01%     -  127s
     0     0 -1.357e+07    0  108 -1.357e+07 -1.357e+07  0.01%     -  131s
     0     0 -1.357e+07    0   91 -1.357e+07 -1.357e+07  0.01%     -  138s
H    0     0                    -1.35742e+07 -1.357e+07  0.00%     -  148s

Cutting planes:
  Gomory: 71
  Implied bound: 2
  Clique: 29
  MIR: 1
  Zero half: 41

Explored 0 nodes (285932 simplex iterations) in 149.04 seconds
Thread count was 12 (of 12 available processors)

Optimal solution found (tolerance 1.00e-04)
Best objective -1.357420690307e+07, best bound -1.357467494073e+07, gap 0.0034%
Obj: -1.3574206903065478E7
Gurobi 6.5.2 (win64) logging started 11/03/16 07:51:25

Optimize a model with 1487493 rows, 899134 columns and 6798065 nonzeros
Coefficient statistics:
  Matrix range    [1e+00, 1e+00]
  Objective range [1e+01, 4e+03]
  Bounds range    [1e+00, 1e+00]
  RHS range       [1e+00, 1e+00]
Found heuristic solution: objective 1020.26
Variable types: 0 continuous, 899134 integer (899134 binary)

Root simplex log...

Iteration    Objective       Primal Inf.    Dual Inf.      Time
       0   -2.2124550e+07   2.056270e+05   0.000000e+00      6s
  136816   -1.3596210e+07   1.029788e+04   0.000000e+00     13s
  156531   -1.3580502e+07   2.111001e+03   0.000000e+00     19s
  158734   -1.3579219e+07   7.406600e+02   0.000000e+00     20s
  160284   -1.3578210e+07   0.000000e+00   0.000000e+00     23s

Root relaxation: objective -1.357821e+07, 160284 iterations, 19.05 seconds
Total elapsed time = 36.27s
Total elapsed time = 44.27s
Total elapsed time = 52.31s
Total elapsed time = 60.41s

    Nodes    |    Current Node    |     Objective Bounds      |     Work
 Expl Unexpl |  Obj  Depth IntInf | Incumbent    BestBd   Gap | It/Node Time

     0     0 -1.358e+07    0  952 1020.26206 -1.358e+07      -     -   67s
H    0     0                    -1.34669e+07 -1.358e+07  0.83%     -   80s
H    0     0                    -1.34821e+07 -1.358e+07  0.71%     -   84s
H    0     0                    -1.35173e+07 -1.358e+07  0.45%     -   86s
     0     0 -1.358e+07    0  385 -1.352e+07 -1.358e+07  0.43%     -   93s
H    0     0                    -1.35283e+07 -1.358e+07  0.35%     -   99s
H    0     0                    -1.35335e+07 -1.358e+07  0.31%     -  104s
H    0     0                    -1.35634e+07 -1.358e+07  0.09%     -  105s
     0     0 -1.357e+07    0  150 -1.356e+07 -1.357e+07  0.08%     -  112s
H    0     0                    -1.35675e+07 -1.357e+07  0.05%     -  116s
H    0     0                    -1.35734e+07 -1.357e+07  0.01%     -  123s

Cutting planes:
  Gomory: 73
  Implied bound: 2
  Clique: 29
  MIR: 1
  Zero half: 26

Explored 0 nodes (279498 simplex iterations) in 124.15 seconds
Thread count was 12 (of 12 available processors)

Optimal solution found (tolerance 1.00e-04)
Best objective -1.357337109846e+07, best bound -1.357456552407e+07, gap 0.0088%
Obj: -1.3573371098457476E7
Gurobi 6.5.2 (win64) logging started 12/08/16 01:34:10

Optimize a model with 280829 rows, 202274 columns and 965664 nonzeros
Coefficient statistics:
  Matrix range    [1e+00, 1e+00]
  Objective range [3e+01, 4e+03]
  Bounds range    [1e+00, 1e+00]
  RHS range       [0e+00, 0e+00]
Found heuristic solution: objective 0
Variable types: 0 continuous, 202274 integer (202274 binary)

Root relaxation: objective -1.354150e+07, 57828 iterations, 1.86 seconds

    Nodes    |    Current Node    |     Objective Bounds      |     Work
 Expl Unexpl |  Obj  Depth IntInf | Incumbent    BestBd   Gap | It/Node Time

     0     0 -1.354e+07    0  105    0.00000 -1.354e+07      -     -    4s
H    0     0                    -1.35386e+07 -1.354e+07  0.02%     -    4s
H    0     0                    -1.35387e+07 -1.354e+07  0.02%     -    5s
     0     0 -1.354e+07    0  108 -1.354e+07 -1.354e+07  0.02%     -    6s
H    0     0                    -1.35401e+07 -1.354e+07  0.01%     -    7s

Cutting planes:
  Gomory: 4
  Zero half: 5

Explored 0 nodes (69454 simplex iterations) in 7.35 seconds
Thread count was 12 (of 12 available processors)

Optimal solution found (tolerance 1.00e-04)
Best objective -1.354010827662e+07, best bound -1.354142368828e+07, gap 0.0097%
Obj: -1.3540108276620412E7
Gurobi 6.5.2 (win64) logging started 12/14/16 08:38:21

Optimize a model with 180 rows, 127 columns and 575 nonzeros
Coefficient statistics:
  Matrix range    [1e+00, 1e+00]
  Objective range [2e+00, 2e+03]
  Bounds range    [1e+00, 1e+00]
  RHS range       [1e+00, 1e+00]
Found heuristic solution: objective 0
Variable types: 0 continuous, 127 integer (127 binary)

Root relaxation: objective -3.579100e+03, 39 iterations, 0.02 seconds

    Nodes    |    Current Node    |     Objective Bounds      |     Work
 Expl Unexpl |  Obj  Depth IntInf | Incumbent    BestBd   Gap | It/Node Time

*    0     0               0    -3579.099857 -3579.0999  0.00%     -    0s

Explored 0 nodes (39 simplex iterations) in 0.31 seconds
Thread count was 12 (of 12 available processors)

Optimal solution found (tolerance 1.00e-04)
Best objective -3.579099857135e+03, best bound -3.579099857135e+03, gap 0.0%
Obj: -3579.099857135278
Gurobi 6.5.2 (win64) logging started 12/15/16 02:58:19

Optimize a model with 11060 rows, 8723 columns and 29544 nonzeros
Coefficient statistics:
  Matrix range    [1e+00, 1e+00]
  Objective range [1e+00, 3e+03]
  Bounds range    [1e+00, 1e+00]
  RHS range       [0e+00, 0e+00]
Found heuristic solution: objective 0
Variable types: 0 continuous, 8723 integer (8723 binary)

Root relaxation: objective -7.670970e+05, 2422 iterations, 0.05 seconds

    Nodes    |    Current Node    |     Objective Bounds      |     Work
 Expl Unexpl |  Obj  Depth IntInf | Incumbent    BestBd   Gap | It/Node Time

*    0     0               0    -767097.0347 -767097.03  0.00%     -    0s

Explored 0 nodes (2422 simplex iterations) in 0.09 seconds
Thread count was 12 (of 12 available processors)

Optimal solution found (tolerance 1.00e-04)
Best objective -7.670970347486e+05, best bound -7.670970347486e+05, gap 0.0%
Obj: -767097.0347486057
Gurobi 6.5.2 (win64) logging started 12/15/16 03:00:04

Optimize a model with 34985 rows, 24878 columns and 120151 nonzeros
Coefficient statistics:
  Matrix range    [1e+00, 1e+00]
  Objective range [1e+00, 3e+03]
  Bounds range    [1e+00, 1e+00]
  RHS range       [1e+00, 1e+00]
Found heuristic solution: objective 0
Variable types: 0 continuous, 24878 integer (24878 binary)

Root relaxation: objective -7.673094e+05, 6532 iterations, 0.08 seconds

    Nodes    |    Current Node    |     Objective Bounds      |     Work
 Expl Unexpl |  Obj  Depth IntInf | Incumbent    BestBd   Gap | It/Node Time

*    0     0               0    -767309.3754 -767309.38  0.00%     -    0s

Explored 0 nodes (6532 simplex iterations) in 0.21 seconds
Thread count was 12 (of 12 available processors)

Optimal solution found (tolerance 1.00e-04)
Best objective -7.673093754255e+05, best bound -7.673093754255e+05, gap 0.0%
Obj: -767309.3754254985
Gurobi 6.5.2 (win64) logging started 12/15/16 03:02:06

Optimize a model with 34985 rows, 24878 columns and 120151 nonzeros
Coefficient statistics:
  Matrix range    [1e+00, 1e+00]
  Objective range [1e+00, 1e+05]
  Bounds range    [1e+00, 1e+00]
  RHS range       [1e+00, 1e+00]
Found heuristic solution: objective 0
Variable types: 0 continuous, 24878 integer (24878 binary)

Root relaxation: objective -7.873641e+07, 6305 iterations, 0.09 seconds

    Nodes    |    Current Node    |     Objective Bounds      |     Work
 Expl Unexpl |  Obj  Depth IntInf | Incumbent    BestBd   Gap | It/Node Time

*    0     0               0    -7.87364e+07 -7.874e+07  0.00%     -    0s

Explored 0 nodes (7139 simplex iterations) in 0.33 seconds
Thread count was 12 (of 12 available processors)

Optimal solution found (tolerance 1.00e-04)
Best objective -7.873641379321e+07, best bound -7.873641379321e+07, gap 0.0%
Obj: -7.873641379321463E7
Gurobi 6.5.2 (win64) logging started 12/15/16 05:12:58

Optimize a model with 74855 rows, 52117 columns and 306107 nonzeros
Coefficient statistics:
  Matrix range    [1e+00, 1e+00]
  Objective range [9e-01, 3e+03]
  Bounds range    [1e+00, 1e+00]
  RHS range       [1e+00, 1e+00]
Found heuristic solution: objective 0
Variable types: 0 continuous, 52117 integer (52117 binary)

Root relaxation: objective -8.311268e+05, 8382 iterations, 0.19 seconds

    Nodes    |    Current Node    |     Objective Bounds      |     Work
 Expl Unexpl |  Obj  Depth IntInf | Incumbent    BestBd   Gap | It/Node Time

     0     0 -831126.79    0   29    0.00000 -831126.79      -     -    0s
H    0     0                    -828530.4180 -831126.79  0.31%     -    0s
H    0     0                    -830877.1208 -831126.79  0.03%     -    1s
H    0     0                    -831119.6295 -831126.79  0.00%     -    1s

Explored 0 nodes (13398 simplex iterations) in 1.22 seconds
Thread count was 12 (of 12 available processors)

Optimal solution found (tolerance 1.00e-04)
Best objective -8.311196295008e+05, best bound -8.311267889640e+05, gap 0.0009%
Obj: -831119.629500829
Gurobi 6.5.2 (win64) logging started 12/15/16 05:13:59

Optimize a model with 74856 rows, 52117 columns and 306108 nonzeros
Coefficient statistics:
  Matrix range    [1e+00, 1e+00]
  Objective range [9e-01, 3e+03]
  Bounds range    [1e+00, 1e+00]
  RHS range       [1e+00, 1e+00]
Found heuristic solution: objective 1545.23
Variable types: 0 continuous, 52117 integer (52117 binary)

Root relaxation: objective -8.309123e+05, 8399 iterations, 0.19 seconds

    Nodes    |    Current Node    |     Objective Bounds      |     Work
 Expl Unexpl |  Obj  Depth IntInf | Incumbent    BestBd   Gap | It/Node Time

     0     0 -830912.29    0   29 1545.23133 -830912.29      -     -    0s
H    0     0                    -825697.8174 -830912.29  0.63%     -    0s
H    0     0                    -830662.6208 -830912.29  0.03%     -    1s
*    0     0               0    -830907.2105 -830907.21  0.00%     -    1s

Cutting planes:
  Gomory: 4
  Clique: 4

Explored 0 nodes (13329 simplex iterations) in 1.51 seconds
Thread count was 12 (of 12 available processors)

Optimal solution found (tolerance 1.00e-04)
Best objective -8.309072104811e+05, best bound -8.309072104811e+05, gap 0.0000%
Obj: -830907.210481081
Gurobi 6.5.2 (win64) logging started 12/16/16 01:47:14

Optimize a model with 256905 rows, 190312 columns and 834082 nonzeros
Coefficient statistics:
  Matrix range    [1e+00, 1e+00]
  Objective range [9e-01, 4e+03]
  Bounds range    [1e+00, 1e+00]
  RHS range       [0e+00, 0e+00]
Found heuristic solution: objective 0
Variable types: 0 continuous, 190312 integer (190312 binary)

Root relaxation: objective -1.356626e+07, 53513 iterations, 1.41 seconds

    Nodes    |    Current Node    |     Objective Bounds      |     Work
 Expl Unexpl |  Obj  Depth IntInf | Incumbent    BestBd   Gap | It/Node Time

     0     0 -1.357e+07    0   91    0.00000 -1.357e+07      -     -    3s
H    0     0                    -1.35645e+07 -1.357e+07  0.01%     -    3s
H    0     0                    -1.35646e+07 -1.357e+07  0.01%     -    4s
     0     0 -1.357e+07    0   15 -1.356e+07 -1.357e+07  0.01%     -    5s
H    0     0                    -1.35661e+07 -1.357e+07  0.00%     -    5s

Cutting planes:
  Gomory: 6
  Zero half: 6

Explored 0 nodes (59402 simplex iterations) in 5.76 seconds
Thread count was 12 (of 12 available processors)

Optimal solution found (tolerance 1.00e-04)
Best objective -1.356607793200e+07, best bound -1.356608334794e+07, gap 0.0000%
Obj: -1.3566077932000136E7
Gurobi 6.5.2 (win64) logging started 12/16/16 01:52:04

Optimize a model with 211285 rows, 167502 columns and 583172 nonzeros
Coefficient statistics:
  Matrix range    [1e+00, 1e+00]
  Objective range [9e-01, 4e+03]
  Bounds range    [1e+00, 1e+00]
  RHS range       [0e+00, 0e+00]
Found heuristic solution: objective 0
Variable types: 0 continuous, 167502 integer (167502 binary)

Root relaxation: objective -1.356526e+07, 44845 iterations, 0.74 seconds

    Nodes    |    Current Node    |     Objective Bounds      |     Work
 Expl Unexpl |  Obj  Depth IntInf | Incumbent    BestBd   Gap | It/Node Time

     0     0 -1.357e+07    0   12    0.00000 -1.357e+07      -     -    1s
H    0     0                    -1.35648e+07 -1.357e+07  0.00%     -    1s

Explored 0 nodes (45840 simplex iterations) in 1.86 seconds
Thread count was 12 (of 12 available processors)

Optimal solution found (tolerance 1.00e-04)
Best objective -1.356477398883e+07, best bound -1.356526493804e+07, gap 0.0036%
Obj: -1.356477398883322E7
Gurobi 6.5.2 (win64) logging started 12/16/16 02:06:15

Optimize a model with 232404 rows, 177999 columns and 699389 nonzeros
Coefficient statistics:
  Matrix range    [1e+00, 1e+00]
  Objective range [9e-01, 4e+03]
  Bounds range    [1e+00, 1e+00]
  RHS range       [0e+00, 0e+00]
Found heuristic solution: objective 0
Variable types: 0 continuous, 177999 integer (177999 binary)

Root relaxation: objective -1.356601e+07, 49209 iterations, 0.93 seconds

    Nodes    |    Current Node    |     Objective Bounds      |     Work
 Expl Unexpl |  Obj  Depth IntInf | Incumbent    BestBd   Gap | It/Node Time

     0     0 -1.357e+07    0   19    0.00000 -1.357e+07      -     -    2s
H    0     0                    -1.35655e+07 -1.357e+07  0.00%     -    2s

Explored 0 nodes (53070 simplex iterations) in 2.91 seconds
Thread count was 12 (of 12 available processors)

Optimal solution found (tolerance 1.00e-04)
Best objective -1.356550687944e+07, best bound -1.356600962729e+07, gap 0.0037%
Obj: -1.3565506879436174E7
Gurobi 6.5.2 (win64) logging started 12/16/16 02:15:30

Optimize a model with 232529 rows, 178124 columns and 700014 nonzeros
Coefficient statistics:
  Matrix range    [1e+00, 1e+00]
  Objective range [9e-01, 4e+03]
  Bounds range    [1e+00, 1e+00]
  RHS range       [0e+00, 0e+00]
Found heuristic solution: objective 0
Variable types: 0 continuous, 178124 integer (178124 binary)

Root relaxation: objective -1.356582e+07, 49180 iterations, 0.98 seconds

    Nodes    |    Current Node    |     Objective Bounds      |     Work
 Expl Unexpl |  Obj  Depth IntInf | Incumbent    BestBd   Gap | It/Node Time

     0     0 -1.357e+07    0   47    0.00000 -1.357e+07      -     -    2s
H    0     0                    -1.35626e+07 -1.357e+07  0.02%     -    2s
H    0     0                    -1.35651e+07 -1.357e+07  0.00%     -    3s

Explored 0 nodes (52235 simplex iterations) in 3.52 seconds
Thread count was 12 (of 12 available processors)

Optimal solution found (tolerance 1.00e-04)
Best objective -1.356514908125e+07, best bound -1.356581841171e+07, gap 0.0049%
Obj: -1.3565149081248773E7
Gurobi 6.5.2 (win64) logging started 12/19/16 00:44:46

Optimize a model with 74855 rows, 52117 columns and 306107 nonzeros
Coefficient statistics:
  Matrix range    [1e+00, 1e+00]
  Objective range [9e-01, 3e+03]
  Bounds range    [1e+00, 1e+00]
  RHS range       [1e+00, 1e+00]
Found heuristic solution: objective 0
Variable types: 0 continuous, 52117 integer (52117 binary)

Root relaxation: objective -8.310988e+05, 8564 iterations, 0.19 seconds

    Nodes    |    Current Node    |     Objective Bounds      |     Work
 Expl Unexpl |  Obj  Depth IntInf | Incumbent    BestBd   Gap | It/Node Time

     0     0 -831098.79    0   33    0.00000 -831098.79      -     -    0s
H    0     0                    -826183.6527 -831098.79  0.59%     -    0s
H    0     0                    -830830.5891 -831098.79  0.03%     -    0s
H    0     0                    -831073.0978 -831098.79  0.00%     -    1s

Explored 0 nodes (13053 simplex iterations) in 1.03 seconds
Thread count was 12 (of 12 available processors)

Optimal solution found (tolerance 1.00e-04)
Best objective -8.310730978076e+05, best bound -8.310987889640e+05, gap 0.0031%
Obj: -831073.097807604
Gurobi 6.5.2 (win64) logging started 01/16/17 10:36:00

Optimize a model with 74855 rows, 52117 columns and 306107 nonzeros
Coefficient statistics:
  Matrix range    [1e+00, 1e+00]
  Objective range [9e-01, 3e+03]
  Bounds range    [1e+00, 1e+00]
  RHS range       [1e+00, 1e+00]
Found heuristic solution: objective 0
Variable types: 0 continuous, 52117 integer (52117 binary)

Root relaxation: objective -8.311268e+05, 8384 iterations, 0.16 seconds

    Nodes    |    Current Node    |     Objective Bounds      |     Work
 Expl Unexpl |  Obj  Depth IntInf | Incumbent    BestBd   Gap | It/Node Time

     0     0 -831126.79    0   29    0.00000 -831126.79      -     -    0s
H    0     0                    -825965.1279 -831126.79  0.62%     -    0s
H    0     0                    -831106.4310 -831126.79  0.00%     -    0s

Explored 0 nodes (12645 simplex iterations) in 0.97 seconds
Thread count was 12 (of 12 available processors)

Optimal solution found (tolerance 1.00e-04)
Best objective -8.311064309635e+05, best bound -8.311267889640e+05, gap 0.0024%
Obj: -831106.4309634857
Gurobi 6.5.2 (win64) logging started 01/16/17 16:36:16

Optimize a model with 257472 rows, 188372 columns and 887387 nonzeros
Coefficient statistics:
  Matrix range    [1e+00, 1e+00]
  Objective range [5e-01, 1e+05]
  Bounds range    [1e+00, 1e+00]
  RHS range       [1e+00, 1e+00]
Found heuristic solution: objective 0
Variable types: 0 continuous, 188372 integer (188372 binary)

Root relaxation: objective -6.892764e+06, 55630 iterations, 1.79 seconds

    Nodes    |    Current Node    |     Objective Bounds      |     Work
 Expl Unexpl |  Obj  Depth IntInf | Incumbent    BestBd   Gap | It/Node Time

     0     0 -6892764.5    0  711    0.00000 -6892764.5      -     -    4s
H    0     0                    -6825685.914 -6892764.5  0.98%     -    5s
H    0     0                    -6829979.224 -6892764.5  0.92%     -    5s
H    0     0                    -6881395.884 -6892764.5  0.17%     -    6s
     0     0 -6889694.7    0  255 -6881395.9 -6889694.7  0.12%     -    7s
H    0     0                    -6881727.743 -6889694.7  0.12%     -    7s
H    0     0                    -6888689.367 -6889694.7  0.01%     -    8s
     0     0 -6889402.1    0  113 -6888689.4 -6889402.1  0.01%     -    9s
H    0     0                    -6888764.421 -6889402.1  0.01%     -   11s

Cutting planes:
  Gomory: 32
  Implied bound: 1
  Clique: 18
  Zero half: 48

Explored 0 nodes (65751 simplex iterations) in 11.51 seconds
Thread count was 12 (of 12 available processors)

Optimal solution found (tolerance 1.00e-04)
Best objective -6.888764420527e+06, best bound -6.889402087526e+06, gap 0.0093%
Obj: -6888764.420526905
Gurobi 6.5.2 (win64) logging started 01/16/17 16:37:56

Optimize a model with 257473 rows, 188372 columns and 887388 nonzeros
Coefficient statistics:
  Matrix range    [1e+00, 1e+00]
  Objective range [5e-01, 1e+05]
  Bounds range    [1e+00, 1e+00]
  RHS range       [1e+00, 1e+00]
Found heuristic solution: objective 1265.44
Variable types: 0 continuous, 188372 integer (188372 binary)

Root relaxation: objective -6.892480e+06, 55636 iterations, 1.77 seconds

    Nodes    |    Current Node    |     Objective Bounds      |     Work
 Expl Unexpl |  Obj  Depth IntInf | Incumbent    BestBd   Gap | It/Node Time

     0     0 -6892480.4    0  712 1265.44408 -6892480.4      -     -    4s
H    0     0                    -6854668.577 -6892480.4  0.55%     -    5s
H    0     0                    -6885465.299 -6892480.4  0.10%     -    6s
     0     0 -6889459.3    0  157 -6885465.3 -6889459.3  0.06%     -    7s
H    0     0                    -6888199.905 -6889459.3  0.02%     -    9s
     0     0 -6889432.4    0  203 -6888199.9 -6889432.4  0.02%     -    9s
     0     0 -6889171.3    0  100 -6888199.9 -6889171.3  0.01%     -   10s
H    0     0                    -6888682.094 -6889171.3  0.01%     -   11s

Cutting planes:
  Gomory: 34
  Implied bound: 1
  Clique: 18
  Zero half: 41

Explored 0 nodes (65417 simplex iterations) in 11.13 seconds
Thread count was 12 (of 12 available processors)

Optimal solution found (tolerance 1.00e-04)
Best objective -6.888682093986e+06, best bound -6.889171259446e+06, gap 0.0071%
Obj: -6888682.09398591
Gurobi 6.5.2 (win64) logging started 01/16/17 17:14:45

Optimize a model with 237657 rows, 171480 columns and 808794 nonzeros
Coefficient statistics:
  Matrix range    [1e+00, 1e+00]
  Objective range [8e-01, 4e+03]
  Bounds range    [1e+00, 1e+00]
  RHS range       [1e+00, 1e+00]
Found heuristic solution: objective 0
Variable types: 0 continuous, 171480 integer (171480 binary)

Root relaxation: objective -5.774659e+06, 47737 iterations, 1.31 seconds

    Nodes    |    Current Node    |     Objective Bounds      |     Work
 Expl Unexpl |  Obj  Depth IntInf | Incumbent    BestBd   Gap | It/Node Time

     0     0 -5774658.5    0  440    0.00000 -5774658.5      -     -    3s
H    0     0                    -5719320.310 -5774658.5  0.97%     -    4s
H    0     0                    -5722100.237 -5774658.5  0.92%     -    5s
H    0     0                    -5742548.464 -5774658.5  0.56%     -    5s
     0     0 -5764469.9    0   35 -5742548.5 -5764469.9  0.38%     -    6s
H    0     0                    -5764363.912 -5764469.9  0.00%     -    6s

Cutting planes:
  Gomory: 33
  Implied bound: 4
  Clique: 84
  Zero half: 1

Explored 0 nodes (60408 simplex iterations) in 6.65 seconds
Thread count was 12 (of 12 available processors)

Optimal solution found (tolerance 1.00e-04)
Best objective -5.764363912337e+06, best bound -5.764469925356e+06, gap 0.0018%
Obj: -5764363.912337068
Gurobi 6.5.2 (win64) logging started 01/16/17 18:12:36

Optimize a model with 78067 rows, 62028 columns and 208917 nonzeros
Coefficient statistics:
  Matrix range    [1e+00, 1e+00]
  Objective range [9e-01, 4e+03]
  Bounds range    [1e+00, 1e+00]
  RHS range       [0e+00, 0e+00]
Found heuristic solution: objective 0
Variable types: 0 continuous, 62028 integer (62028 binary)

Root relaxation: objective -7.037361e+06, 17001 iterations, 0.21 seconds

    Nodes    |    Current Node    |     Objective Bounds      |     Work
 Expl Unexpl |  Obj  Depth IntInf | Incumbent    BestBd   Gap | It/Node Time

     0     0 -7037361.0    0   12    0.00000 -7037361.0      -     -    0s
H    0     0                    -7036741.335 -7037361.0  0.01%     -    0s

Explored 0 nodes (17095 simplex iterations) in 0.71 seconds
Thread count was 12 (of 12 available processors)

Optimal solution found (tolerance 1.00e-04)
Best objective -7.036741334576e+06, best bound -7.037360985806e+06, gap 0.0088%
Obj: -7036741.334576118
Gurobi 6.5.2 (win64) logging started 01/18/17 10:57:45

Optimize a model with 109742 rows, 70870 columns and 496676 nonzeros
Coefficient statistics:
  Matrix range    [1e+00, 1e+00]
  Objective range [8e-03, 2e+07]
  Bounds range    [1e+00, 1e+00]
  RHS range       [1e+00, 1e+00]
Found heuristic solution: objective 0
Variable types: 0 continuous, 70870 integer (70870 binary)

Root relaxation: objective -7.373907e+05, 8345 iterations, 0.49 seconds

    Nodes    |    Current Node    |     Objective Bounds      |     Work
 Expl Unexpl |  Obj  Depth IntInf | Incumbent    BestBd   Gap | It/Node Time

     0     0 -737390.67    0  640    0.00000 -737390.67      -     -    1s
H    0     0                    -636389.8391 -737390.67  15.9%     -    3s
H    0     0                    -636498.5669 -737390.67  15.9%     -    4s
H    0     0                    -655160.8646 -737390.67  12.6%     -    4s
     0     0 -715855.13    0  157 -655160.86 -715855.13  9.26%     -    4s
H    0     0                    -698462.6255 -715855.13  2.49%     -    5s
H    0     0                    -706543.7862 -715855.13  1.32%     -    5s
H    0     0                    -714428.4181 -715855.13  0.20%     -    6s
     0     0 -714723.58    0    9 -714428.42 -714723.58  0.04%     -    6s
H    0     0                    -714493.1437 -714723.58  0.03%     -    7s
H    0     0                    -714642.3066 -714723.58  0.01%     -    7s
*    0     0               0    -714689.5655 -714689.57  0.00%     -    7s

Cutting planes:
  Gomory: 79
  Implied bound: 7
  Clique: 67

Explored 0 nodes (8777 simplex iterations) in 8.01 seconds
Thread count was 12 (of 12 available processors)

Optimal solution found (tolerance 1.00e-04)
Best objective -7.146895654553e+05, best bound -7.146895654553e+05, gap 0.0%
Obj: -714689.5654553412
Gurobi 6.5.2 (win64) logging started 01/18/17 15:45:00

Optimize a model with 290 rows, 181 columns and 1143 nonzeros
Coefficient statistics:
  Matrix range    [1e+00, 1e+00]
  Objective range [2e+01, 2e+05]
  Bounds range    [1e+00, 1e+00]
  RHS range       [1e+00, 1e+00]
Found heuristic solution: objective 0
Variable types: 0 continuous, 181 integer (181 binary)

Root relaxation: objective -2.460112e+03, 46 iterations, 0.02 seconds

    Nodes    |    Current Node    |     Objective Bounds      |     Work
 Expl Unexpl |  Obj  Depth IntInf | Incumbent    BestBd   Gap | It/Node Time

     0     0 -2460.1125    0    7    0.00000 -2460.1125      -     -    0s
H    0     0                    -2450.582358 -2460.1125  0.39%     -    0s

Explored 0 nodes (46 simplex iterations) in 0.17 seconds
Thread count was 12 (of 12 available processors)

Optimal solution found (tolerance 1.00e-04)
Best objective -2.450582357880e+03, best bound -2.450582357880e+03, gap 0.0%
Obj: -2450.582357880112
Gurobi 6.5.2 (win64) logging started 01/20/17 11:30:12

Optimize a model with 124473 rows, 76981 columns and 578951 nonzeros
Coefficient statistics:
  Matrix range    [1e+00, 1e+00]
  Objective range [8e-03, 2e+07]
  Bounds range    [1e+00, 1e+00]
  RHS range       [1e+00, 1e+00]
Found heuristic solution: objective 0
Variable types: 0 continuous, 76981 integer (76981 binary)

Root relaxation: objective -7.390916e+05, 8535 iterations, 0.36 seconds

    Nodes    |    Current Node    |     Objective Bounds      |     Work
 Expl Unexpl |  Obj  Depth IntInf | Incumbent    BestBd   Gap | It/Node Time

     0     0 -739091.62    0  782    0.00000 -739091.62      -     -    0s
H    0     0                    -646182.8388 -739091.62  14.4%     -    2s
H    0     0                    -693498.3380 -739091.62  6.57%     -    3s
     0     0 -734338.94    0   63 -693498.34 -734338.94  5.89%     -    3s
H    0     0                    -731555.8173 -734338.94  0.38%     -    4s
H    0     0                    -732855.9588 -734338.94  0.20%     -    4s
     0     0 -733986.47    0   11 -732855.96 -733986.47  0.15%     -    5s
H    0     0                    -733273.0333 -733986.47  0.10%     -    5s
H    0     0                    -733985.3847 -733986.47  0.00%     -    5s

Cutting planes:
  Gomory: 81
  Implied bound: 13
  Clique: 19

Explored 0 nodes (8794 simplex iterations) in 5.44 seconds
Thread count was 12 (of 12 available processors)

Optimal solution found (tolerance 1.00e-04)
Best objective -7.339853847261e+05, best bound -7.339864737769e+05, gap 0.0001%
Optimal objective value: -733985.3847261195
Gurobi 6.5.2 (win64) logging started 01/20/17 11:32:11

Optimize a model with 124611 rows, 76981 columns and 579698 nonzeros
Coefficient statistics:
  Matrix range    [1e+00, 1e+00]
  Objective range [8e-03, 2e+07]
  Bounds range    [1e+00, 1e+00]
  RHS range       [1e+00, 1e+00]
Variable types: 0 continuous, 76981 integer (76981 binary)

Root relaxation: infeasible, 5067 iterations, 0.27 seconds

    Nodes    |    Current Node    |     Objective Bounds      |     Work
 Expl Unexpl |  Obj  Depth IntInf | Incumbent    BestBd   Gap | It/Node Time

     0     0 infeasible    0               - infeasible      -     -    0s

Explored 0 nodes (5067 simplex iterations) in 0.79 seconds
Thread count was 12 (of 12 available processors)

Model is infeasible
Best objective -, best bound -, gap -

Gurobi 6.5.2 (win64) logging started 01/20/17 11:32:17


Gurobi 6.5.2 (win64) logging started 01/20/17 11:32:17

Optimize a model with 124473 rows, 76981 columns and 578951 nonzeros
Coefficient statistics:
  Matrix range    [1e+00, 1e+00]
  Objective range [8e-03, 2e+07]
  Bounds range    [1e+00, 1e+00]
  RHS range       [1e+00, 1e+00]
Found heuristic solution: objective 0
Optimize a model with 124473 rows, 76981 columns and 578951 nonzeros
Coefficient statistics:
  Matrix range    [1e+00, 1e+00]
  Objective range [8e-03, 2e+07]
  Bounds range    [1e+00, 1e+00]
  RHS range       [1e+00, 1e+00]
Found heuristic solution: objective 0
Variable types: 0 continuous, 76981 integer (76981 binary)
Variable types: 0 continuous, 76981 integer (76981 binary)

Root relaxation: objective -7.390916e+05, 8535 iterations, 0.41 seconds

Root relaxation: objective -7.390916e+05, 8535 iterations, 0.40 seconds

    Nodes    |    Current Node    |     Objective Bounds      |     Work
 Expl Unexpl |  Obj  Depth IntInf | Incumbent    BestBd   Gap | It/Node Time

     0     0 -739091.62    0  782    0.00000 -739091.62      -     -    1s

    Nodes    |    Current Node    |     Objective Bounds      |     Work
 Expl Unexpl |  Obj  Depth IntInf | Incumbent    BestBd   Gap | It/Node Time

     0     0 -739091.62    0  782    0.00000 -739091.62      -     -    1s
H    0     0                    -646182.8388 -739091.62  14.4%     -    3s
H    0     0                    -646182.8388 -739091.62  14.4%     -    3s
H    0     0                    -693498.3380 -739091.62  6.57%     -    4s
H    0     0                    -693498.3380 -739091.62  6.57%     -    4s
     0     0 -734338.94    0   63 -693498.34 -734338.94  5.89%     -    5s
     0     0 -734338.94    0   63 -693498.34 -734338.94  5.89%     -    5s
H    0     0                    -731555.8173 -734338.94  0.38%     -    5s
H    0     0                    -731555.8173 -734338.94  0.38%     -    5s
H    0     0                    -732855.9588 -734338.94  0.20%     -    5s
H    0     0                    -732855.9588 -734338.94  0.20%     -    6s
     0     0 -733986.47    0   11 -732855.96 -733986.47  0.15%     -    6s
H    0     0                    -733273.0333 -733986.47  0.10%     -    6s
     0     0 -733986.47    0   11 -732855.96 -733986.47  0.15%     -    6s
H    0     0                    -733273.0333 -733986.47  0.10%     -    6s
H    0     0                    -733985.3847 -733986.47  0.00%     -    6s

Cutting planes:
  Gomory: 81
  Implied bound: 13
  Clique: 19

Explored 0 nodes (8794 simplex iterations) in 6.90 seconds
Thread count was 12 (of 12 available processors)

Optimal solution found (tolerance 1.00e-04)
Best objective -7.339853847261e+05, best bound -7.339864737769e+05, gap 0.0001%
Optimal objective value: -733985.3847261195H    0     0                    -733985.3847 -733986.47  0.00%     -    6s

Cutting planes:
  Gomory: 81
  Implied bound: 13
  Clique: 19

Explored 0 nodes (8794 simplex iterations) in 6.95 seconds
Thread count was 12 (of 12 available processors)

Optimal solution found (tolerance 1.00e-04)
Best objective -7.339853847261e+05, best bound -7.339864737769e+05, gap 0.0001%
Optimal objective value: -733985.3847261195
Gurobi 6.5.2 (win64) logging started 01/30/17 08:51:10

Optimize a model with 292 rows, 182 columns and 1192 nonzeros
Coefficient statistics:
  Matrix range    [1e+00, 1e+00]
  Objective range [2e+01, 1e+05]
  Bounds range    [1e+00, 1e+00]
  RHS range       [1e+00, 1e+00]
Found heuristic solution: objective 0
Variable types: 0 continuous, 182 integer (182 binary)

Root relaxation: objective -2.697514e+03, 46 iterations, 0.02 seconds

    Nodes    |    Current Node    |     Objective Bounds      |     Work
 Expl Unexpl |  Obj  Depth IntInf | Incumbent    BestBd   Gap | It/Node Time

     0     0 -2697.5143    0    7    0.00000 -2697.5143      -     -    0s
H    0     0                    -2554.177302 -2697.5143  5.61%     -    0s
H    0     0                    -2585.169865 -2697.5143  4.35%     -    0s
H    0     0                    -2662.097018 -2697.5143  1.33%     -    0s
*    0     0               0    -2680.679296 -2680.6793  0.00%     -    0s

Cutting planes:
  Gomory: 1
  Clique: 2

Explored 0 nodes (47 simplex iterations) in 0.18 seconds
Thread count was 12 (of 12 available processors)

Optimal solution found (tolerance 1.00e-04)
Best objective -2.680679295954e+03, best bound -2.680679295954e+03, gap 0.0%
Optimal objective value: -2680.6792959539116